#
# There is insufficient memory for the Java Runtime Environment to continue.
# Native memory allocation (malloc) failed to allocate 2112656 bytes for Chunk::new
# Possible reasons:
#   The system is out of physical RAM or swap space
#   In 32 bit mode, the process size limit was hit
# Possible solutions:
#   Reduce memory load on the system
#   Increase physical memory or swap space
#   Check if swap backing store is full
#   Use 64 bit Java on a 64 bit OS
#   Decrease Java heap size (-Xmx/-Xms)
#   Decrease number of Java threads
#   Decrease Java thread stack sizes (-Xss)
#   Set larger code cache with -XX:ReservedCodeCacheSize=
# This output file may be truncated or incomplete.
#
#  Out of Memory Error (allocation.cpp:390), pid=4480, tid=5664
#
# JRE version: Java(TM) SE Runtime Environment (8.0_31-b13) (build 1.8.0_31-b13)
# Java VM: Java HotSpot(TM) 64-Bit Server VM (25.31-b07 mixed mode windows-amd64 compressed oops)
# Failed to write core dump. Minidumps are not enabled by default on client versions of Windows
#

---------------  T H R E A D  ---------------

Current thread (0x0000000015205800):  JavaThread "C2 CompilerThread1" daemon [_thread_in_native, id=5664, stack(0x0000000016810000,0x0000000016910000)]

Stack: [0x0000000016810000,0x0000000016910000]
Native frames: (J=compiled Java code, j=interpreted, Vv=VM code, C=native code)
V  [jvm.dll+0x3169ba]
V  [jvm.dll+0x2674c3]
V  [jvm.dll+0x268103]
V  [jvm.dll+0x25f8f5]
V  [jvm.dll+0xbf025]
V  [jvm.dll+0xbf4cc]
V  [jvm.dll+0x45df82]
V  [jvm.dll+0x49f21f]
V  [jvm.dll+0x453401]
V  [jvm.dll+0x454124]
V  [jvm.dll+0x437c62]
V  [jvm.dll+0x988e2]
V  [jvm.dll+0x990d3]
V  [jvm.dll+0x22c194]
V  [jvm.dll+0x28576a]
C  [msvcr100.dll+0x21d9f]
C  [msvcr100.dll+0x21e3b]
C  [KERNEL32.DLL+0x13d2]
C  [ntdll.dll+0x154e4]


Current CompileTask:
C2:  10074 1902   !   4       com.android.dx.cf.code.BytecodeArray::parseInstruction (2764 bytes)


---------------  P R O C E S S  ---------------

Java Threads: ( => current thread )
  0x0000000016a33800 JavaThread "Service Thread" daemon [_thread_blocked, id=3120, stack(0x0000000016e10000,0x0000000016f10000)]
  0x0000000015210000 JavaThread "C1 CompilerThread2" daemon [_thread_blocked, id=4856, stack(0x0000000016910000,0x0000000016a10000)]
=>0x0000000015205800 JavaThread "C2 CompilerThread1" daemon [_thread_in_native, id=5664, stack(0x0000000016810000,0x0000000016910000)]
  0x00000000151c7800 JavaThread "C2 CompilerThread0" daemon [_thread_in_native, id=5396, stack(0x0000000016710000,0x0000000016810000)]
  0x00000000151c6000 JavaThread "Attach Listener" daemon [_thread_blocked, id=7464, stack(0x0000000016610000,0x0000000016710000)]
  0x00000000151c5000 JavaThread "Signal Dispatcher" daemon [_thread_blocked, id=3016, stack(0x0000000016510000,0x0000000016610000)]
  0x0000000002ae5000 JavaThread "Finalizer" daemon [_thread_blocked, id=3684, stack(0x0000000016410000,0x0000000016510000)]
  0x0000000002adc800 JavaThread "Reference Handler" daemon [_thread_blocked, id=1716, stack(0x0000000016310000,0x0000000016410000)]
  0x00000000029f0800 JavaThread "main" [_thread_in_Java, id=5200, stack(0x00000000028f0000,0x00000000029f0000)]

Other Threads:
  0x0000000015185800 VMThread [stack: 0x0000000016210000,0x0000000016310000] [id=2284]
  0x0000000016a36800 WatcherThread [stack: 0x0000000016f10000,0x0000000017010000] [id=6000]

VM state:not at safepoint (normal execution)

VM Mutex/Monitor currently owned by a thread: None

Heap:
 PSYoungGen      total 35328K, used 18317K [0x00000000eab00000, 0x00000000ed000000, 0x0000000100000000)
  eden space 32768K, 48% used [0x00000000eab00000,0x00000000eba636b0,0x00000000ecb00000)
  from space 2560K, 100% used [0x00000000ecd80000,0x00000000ed000000,0x00000000ed000000)
  to   space 2560K, 0% used [0x00000000ecb00000,0x00000000ecb00000,0x00000000ecd80000)
 ParOldGen       total 44032K, used 12583K [0x00000000c0000000, 0x00000000c2b00000, 0x00000000eab00000)
  object space 44032K, 28% used [0x00000000c0000000,0x00000000c0c49f18,0x00000000c2b00000)
 Metaspace       used 6395K, capacity 7216K, committed 7296K, reserved 1056768K
  class space    used 598K, capacity 616K, committed 640K, reserved 1048576K

Card table byte_map: [0x0000000011eb0000,0x00000000120c0000] byte_map_base: 0x00000000118b0000

Marking Bits: (ParMarkBitMap*) 0x00000000577ed4f0
 Begin Bits: [0x0000000012620000, 0x0000000013620000)
 End Bits:   [0x0000000013620000, 0x0000000014620000)

Polling page: 0x00000000010a0000

CodeCache: size=245760Kb used=8756Kb max_used=8768Kb free=237003Kb
 bounds [0x0000000002af0000, 0x0000000003390000, 0x0000000011af0000]
 total_blobs=2237 nmethods=1972 adapters=178
 compilation: enabled

Compilation events (10 events):
Event: 9.559 Thread 0x00000000151c7800 nmethod 1915 0x0000000003299750 code [0x0000000003299880, 0x00000000032998f8]
Event: 9.562 Thread 0x00000000151c7800 1916       4       com.android.dx.ssa.LocalVariableExtractor::doit (59 bytes)
Event: 9.569 Thread 0x00000000151c7800 nmethod 1916 0x000000000333f3d0 code [0x000000000333f520, 0x000000000333f828]
Event: 9.570 Thread 0x00000000151c7800 1917       4       com.android.dx.cf.direct.DirectClassFile::getConstantPool (9 bytes)
Event: 9.572 Thread 0x00000000151c7800 nmethod 1917 0x0000000003340350 code [0x00000000033404a0, 0x0000000003340588]
Event: 9.572 Thread 0x00000000151c7800 1918       4       com.android.dx.ssa.back.SsaToRop::convertBasicBlocks (151 bytes)
Event: 9.611 Thread 0x0000000015210000 1922       1       com.android.dx.cf.code.ByteOps::opInfo (6 bytes)
Event: 9.611 Thread 0x0000000015210000 nmethod 1922 0x0000000003325110 code [0x0000000003325260, 0x0000000003325370]
Event: 9.633 Thread 0x00000000151c7800 nmethod 1918 0x000000000334d650 code [0x000000000334d880, 0x000000000334ea20]
Event: 9.633 Thread 0x00000000151c7800 1919 %     4       com.android.dx.ssa.SCCP::run @ 211 (298 bytes)

GC Heap History (8 events):
Event: 1.136 GC heap before
{Heap before GC invocations=1 (full 0):
 PSYoungGen      total 18944K, used 16384K [0x00000000eab00000, 0x00000000ec000000, 0x0000000100000000)
  eden space 16384K, 100% used [0x00000000eab00000,0x00000000ebb00000,0x00000000ebb00000)
  from space 2560K, 0% used [0x00000000ebd80000,0x00000000ebd80000,0x00000000ec000000)
  to   space 2560K, 0% used [0x00000000ebb00000,0x00000000ebb00000,0x00000000ebd80000)
 ParOldGen       total 44032K, used 0K [0x00000000c0000000, 0x00000000c2b00000, 0x00000000eab00000)
  object space 44032K, 0% used [0x00000000c0000000,0x00000000c0000000,0x00000000c2b00000)
 Metaspace       used 5389K, capacity 6448K, committed 6528K, reserved 1056768K
  class space    used 582K, capacity 616K, committed 640K, reserved 1048576K
Event: 1.182 GC heap after
Heap after GC invocations=1 (full 0):
 PSYoungGen      total 18944K, used 2528K [0x00000000eab00000, 0x00000000ed000000, 0x0000000100000000)
  eden space 16384K, 0% used [0x00000000eab00000,0x00000000eab00000,0x00000000ebb00000)
  from space 2560K, 98% used [0x00000000ebb00000,0x00000000ebd78088,0x00000000ebd80000)
  to   space 2560K, 0% used [0x00000000ecd80000,0x00000000ecd80000,0x00000000ed000000)
 ParOldGen       total 44032K, used 733K [0x00000000c0000000, 0x00000000c2b00000, 0x00000000eab00000)
  object space 44032K, 1% used [0x00000000c0000000,0x00000000c00b7660,0x00000000c2b00000)
 Metaspace       used 5389K, capacity 6448K, committed 6528K, reserved 1056768K
  class space    used 582K, capacity 616K, committed 640K, reserved 1048576K
}
Event: 2.430 GC heap before
{Heap before GC invocations=2 (full 0):
 PSYoungGen      total 18944K, used 18912K [0x00000000eab00000, 0x00000000ed000000, 0x0000000100000000)
  eden space 16384K, 100% used [0x00000000eab00000,0x00000000ebb00000,0x00000000ebb00000)
  from space 2560K, 98% used [0x00000000ebb00000,0x00000000ebd78088,0x00000000ebd80000)
  to   space 2560K, 0% used [0x00000000ecd80000,0x00000000ecd80000,0x00000000ed000000)
 ParOldGen       total 44032K, used 733K [0x00000000c0000000, 0x00000000c2b00000, 0x00000000eab00000)
  object space 44032K, 1% used [0x00000000c0000000,0x00000000c00b7660,0x00000000c2b00000)
 Metaspace       used 5966K, capacity 6896K, committed 7040K, reserved 1056768K
  class space    used 586K, capacity 616K, committed 640K, reserved 1048576K
Event: 2.897 GC heap after
Heap after GC invocations=2 (full 0):
 PSYoungGen      total 35328K, used 2538K [0x00000000eab00000, 0x00000000ed000000, 0x0000000100000000)
  eden space 32768K, 0% used [0x00000000eab00000,0x00000000eab00000,0x00000000ecb00000)
  from space 2560K, 99% used [0x00000000ecd80000,0x00000000ecffaab8,0x00000000ed000000)
  to   space 2560K, 0% used [0x00000000ecb00000,0x00000000ecb00000,0x00000000ecd80000)
 ParOldGen       total 44032K, used 2592K [0x00000000c0000000, 0x00000000c2b00000, 0x00000000eab00000)
  object space 44032K, 5% used [0x00000000c0000000,0x00000000c0288128,0x00000000c2b00000)
 Metaspace       used 5966K, capacity 6896K, committed 7040K, reserved 1056768K
  class space    used 586K, capacity 616K, committed 640K, reserved 1048576K
}
Event: 5.487 GC heap before
{Heap before GC invocations=3 (full 0):
 PSYoungGen      total 35328K, used 35306K [0x00000000eab00000, 0x00000000ed000000, 0x0000000100000000)
  eden space 32768K, 100% used [0x00000000eab00000,0x00000000ecb00000,0x00000000ecb00000)
  from space 2560K, 99% used [0x00000000ecd80000,0x00000000ecffaab8,0x00000000ed000000)
  to   space 2560K, 0% used [0x00000000ecb00000,0x00000000ecb00000,0x00000000ecd80000)
 ParOldGen       total 44032K, used 2592K [0x00000000c0000000, 0x00000000c2b00000, 0x00000000eab00000)
  object space 44032K, 5% used [0x00000000c0000000,0x00000000c0288128,0x00000000c2b00000)
 Metaspace       used 6214K, capacity 7088K, committed 7296K, reserved 1056768K
  class space    used 591K, capacity 616K, committed 640K, reserved 1048576K
Event: 5.787 GC heap after
Heap after GC invocations=3 (full 0):
 PSYoungGen      total 35328K, used 2528K [0x00000000eab00000, 0x00000000ed000000, 0x0000000100000000)
  eden space 32768K, 0% used [0x00000000eab00000,0x00000000eab00000,0x00000000ecb00000)
  from space 2560K, 98% used [0x00000000ecb00000,0x00000000ecd78048,0x00000000ecd80000)
  to   space 2560K, 0% used [0x00000000ecd80000,0x00000000ecd80000,0x00000000ed000000)
 ParOldGen       total 44032K, used 7657K [0x00000000c0000000, 0x00000000c2b00000, 0x00000000eab00000)
  object space 44032K, 17% used [0x00000000c0000000,0x00000000c077a690,0x00000000c2b00000)
 Metaspace       used 6214K, capacity 7088K, committed 7296K, reserved 1056768K
  class space    used 591K, capacity 616K, committed 640K, reserved 1048576K
}
Event: 7.605 GC heap before
{Heap before GC invocations=4 (full 0):
 PSYoungGen      total 35328K, used 35296K [0x00000000eab00000, 0x00000000ed000000, 0x0000000100000000)
  eden space 32768K, 100% used [0x00000000eab00000,0x00000000ecb00000,0x00000000ecb00000)
  from space 2560K, 98% used [0x00000000ecb00000,0x00000000ecd78048,0x00000000ecd80000)
  to   space 2560K, 0% used [0x00000000ecd80000,0x00000000ecd80000,0x00000000ed000000)
 ParOldGen       total 44032K, used 7657K [0x00000000c0000000, 0x00000000c2b00000, 0x00000000eab00000)
  object space 44032K, 17% used [0x00000000c0000000,0x00000000c077a690,0x00000000c2b00000)
 Metaspace       used 6304K, capacity 7152K, committed 7296K, reserved 1056768K
  class space    used 593K, capacity 616K, committed 640K, reserved 1048576K
Event: 8.826 GC heap after
Heap after GC invocations=4 (full 0):
 PSYoungGen      total 35328K, used 2560K [0x00000000eab00000, 0x00000000ed000000, 0x0000000100000000)
  eden space 32768K, 0% used [0x00000000eab00000,0x00000000eab00000,0x00000000ecb00000)
  from space 2560K, 100% used [0x00000000ecd80000,0x00000000ed000000,0x00000000ed000000)
  to   space 2560K, 0% used [0x00000000ecb00000,0x00000000ecb00000,0x00000000ecd80000)
 ParOldGen       total 44032K, used 12583K [0x00000000c0000000, 0x00000000c2b00000, 0x00000000eab00000)
  object space 44032K, 28% used [0x00000000c0000000,0x00000000c0c49f18,0x00000000c2b00000)
 Metaspace       used 6304K, capacity 7152K, committed 7296K, reserved 1056768K
  class space    used 593K, capacity 616K, committed 640K, reserved 1048576K
}

Deoptimization events (10 events):
Event: 5.898 Thread 0x0000000016d43000 Uncommon trap: reason=unreached action=reinterpret pc=0x0000000002f940dc method=com.android.dx.ssa.SsaMethod.updateOneDefinition(Lcom/android/dx/ssa/SsaInsn;Lcom/android/dx/rop/code/RegisterSpec;)V @ 4
Event: 5.905 Thread 0x0000000016d43000 Uncommon trap: reason=class_check action=maybe_recompile pc=0x000000000308e290 method=com.android.dx.cf.code.BytecodeArray.parseInstruction(ILcom/android/dx/cf/code/BytecodeArray$Visitor;)I @ 1035
Event: 5.906 Thread 0x0000000016d43000 Uncommon trap: reason=bimorphic action=maybe_recompile pc=0x000000000311fc40 method=com.android.dx.ssa.SCCP.setLatticeValueTo(IILcom/android/dx/rop/cst/Constant;)Z @ 43
Event: 5.906 Thread 0x0000000016d43000 Uncommon trap: reason=bimorphic action=maybe_recompile pc=0x000000000311fc40 method=com.android.dx.ssa.SCCP.setLatticeValueTo(IILcom/android/dx/rop/cst/Constant;)Z @ 43
Event: 5.906 Thread 0x0000000016d43000 Uncommon trap: reason=bimorphic action=maybe_recompile pc=0x000000000311fc40 method=com.android.dx.ssa.SCCP.setLatticeValueTo(IILcom/android/dx/rop/cst/Constant;)Z @ 43
Event: 9.273 Thread 0x0000000016c85800 Uncommon trap: reason=bimorphic action=maybe_recompile pc=0x00000000032bad78 method=com.android.dx.cf.code.BytecodeArray.parseInstruction(ILcom/android/dx/cf/code/BytecodeArray$Visitor;)I @ 1357
Event: 9.273 Thread 0x0000000016c85800 Uncommon trap: reason=bimorphic action=maybe_recompile pc=0x00000000032bad78 method=com.android.dx.cf.code.BytecodeArray.parseInstruction(ILcom/android/dx/cf/code/BytecodeArray$Visitor;)I @ 1357
Event: 9.275 Thread 0x0000000016c85800 Uncommon trap: reason=bimorphic action=maybe_recompile pc=0x00000000032bad78 method=com.android.dx.cf.code.BytecodeArray.parseInstruction(ILcom/android/dx/cf/code/BytecodeArray$Visitor;)I @ 1357
Event: 9.275 Thread 0x0000000016c85800 Uncommon trap: reason=bimorphic action=maybe_recompile pc=0x00000000032bad78 method=com.android.dx.cf.code.BytecodeArray.parseInstruction(ILcom/android/dx/cf/code/BytecodeArray$Visitor;)I @ 1357
Event: 9.312 Thread 0x0000000016c85800 Uncommon trap: reason=bimorphic action=maybe_recompile pc=0x00000000030ebd48 method=com.android.dx.ssa.SCCP.simulatePhi(Lcom/android/dx/ssa/PhiInsn;)V @ 124

Internal exceptions (10 events):
Event: 4.544 Thread 0x00000000029f0800 Exception <a 'java/security/PrivilegedActionException'> (0x00000000eb7b25a0) thrown at [C:\workspace\8-2-build-windows-amd64-cygwin\jdk8u31\2394\hotspot\src\share\vm\prims\jvm.cpp, line 1312]
Event: 4.546 Thread 0x0000000016d43000 Exception <a 'java/security/PrivilegedActionException'> (0x00000000eb7407a8) thrown at [C:\workspace\8-2-build-windows-amd64-cygwin\jdk8u31\2394\hotspot\src\share\vm\prims\jvm.cpp, line 1312]
Event: 4.546 Thread 0x0000000016d43000 Exception <a 'java/security/PrivilegedActionException'> (0x00000000eb7445e0) thrown at [C:\workspace\8-2-build-windows-amd64-cygwin\jdk8u31\2394\hotspot\src\share\vm\prims\jvm.cpp, line 1312]
Event: 4.547 Thread 0x0000000016d43000 Exception <a 'java/security/PrivilegedActionException'> (0x00000000eb749ff8) thrown at [C:\workspace\8-2-build-windows-amd64-cygwin\jdk8u31\2394\hotspot\src\share\vm\prims\jvm.cpp, line 1312]
Event: 4.548 Thread 0x0000000016d43000 Exception <a 'java/security/PrivilegedActionException'> (0x00000000eb74f7c8) thrown at [C:\workspace\8-2-build-windows-amd64-cygwin\jdk8u31\2394\hotspot\src\share\vm\prims\jvm.cpp, line 1312]
Event: 4.550 Thread 0x00000000029f0800 Exception <a 'java/security/PrivilegedActionException'> (0x00000000eb7c1a38) thrown at [C:\workspace\8-2-build-windows-amd64-cygwin\jdk8u31\2394\hotspot\src\share\vm\prims\jvm.cpp, line 1312]
Event: 5.188 Thread 0x0000000016d55000 Exception <a 'java/security/PrivilegedActionException'> (0x00000000eca3ca90) thrown at [C:\workspace\8-2-build-windows-amd64-cygwin\jdk8u31\2394\hotspot\src\share\vm\prims\jvm.cpp, line 1312]
Event: 5.897 Thread 0x0000000016d43000 Exception <a 'java/security/PrivilegedActionException'> (0x00000000eb46b4c0) thrown at [C:\workspace\8-2-build-windows-amd64-cygwin\jdk8u31\2394\hotspot\src\share\vm\prims\jvm.cpp, line 1312]
Event: 5.993 Thread 0x00000000029f0800 Exception <a 'java/security/PrivilegedActionException'> (0x00000000ebacfcb0) thrown at [C:\workspace\8-2-build-windows-amd64-cygwin\jdk8u31\2394\hotspot\src\share\vm\prims\jvm.cpp, line 1312]
Event: 5.994 Thread 0x00000000029f0800 Exception <a 'java/security/PrivilegedActionException'> (0x00000000ebad23c0) thrown at [C:\workspace\8-2-build-windows-amd64-cygwin\jdk8u31\2394\hotspot\src\share\vm\prims\jvm.cpp, line 1312]

Events (10 events):
Event: 9.273 Thread 0x0000000016c85800 DEOPT UNPACKING pc=0x0000000002b3556a sp=0x0000000017b0e660 mode 2
Event: 9.275 Thread 0x0000000016c85800 Uncommon trap: trap_request=0xffffffc6 fr.pc=0x00000000032bad78
Event: 9.275 Thread 0x0000000016c85800 DEOPT PACKING pc=0x00000000032bad78 sp=0x0000000017b0e790
Event: 9.275 Thread 0x0000000016c85800 DEOPT UNPACKING pc=0x0000000002b3556a sp=0x0000000017b0e740 mode 2
Event: 9.275 Thread 0x0000000016c85800 Uncommon trap: trap_request=0xffffffc6 fr.pc=0x00000000032bad78
Event: 9.275 Thread 0x0000000016c85800 DEOPT PACKING pc=0x00000000032bad78 sp=0x0000000017b0e790
Event: 9.275 Thread 0x0000000016c85800 DEOPT UNPACKING pc=0x0000000002b3556a sp=0x0000000017b0e740 mode 2
Event: 9.312 Thread 0x0000000016c85800 Uncommon trap: trap_request=0xffffffc6 fr.pc=0x00000000030ebd48
Event: 9.312 Thread 0x0000000016c85800 DEOPT PACKING pc=0x00000000030ebd48 sp=0x0000000017b0e8c0
Event: 9.314 Thread 0x0000000016c85800 DEOPT UNPACKING pc=0x0000000002b3556a sp=0x0000000017b0e838 mode 2


Dynamic libraries:
0x00007ff663b90000 - 0x00007ff663bc4000 	C:\Program Files\Java\jdk1.8.0_31\bin\java.exe
0x00007ff9295d0000 - 0x00007ff92977d000 	C:\Windows\SYSTEM32\ntdll.dll
0x00007ff9273e0000 - 0x00007ff92751e000 	C:\Windows\system32\KERNEL32.DLL
0x00007ff9267f0000 - 0x00007ff926905000 	C:\Windows\system32\KERNELBASE.dll
0x00007ff9252c0000 - 0x00007ff92534e000 	C:\Windows\system32\apphelp.dll
0x00007ff91b540000 - 0x00007ff91b593000 	C:\Windows\AppPatch\AppPatch64\AcGenral.DLL
0x00007ff927980000 - 0x00007ff927a2a000 	C:\Windows\system32\msvcrt.dll
0x00007ff9264f0000 - 0x00007ff92651e000 	C:\Windows\SYSTEM32\SspiCli.dll
0x00007ff927860000 - 0x00007ff9278b4000 	C:\Windows\system32\SHLWAPI.dll
0x00007ff927c50000 - 0x00007ff927dc7000 	C:\Windows\system32\USER32.dll
0x00007ff929320000 - 0x00007ff9294b4000 	C:\Windows\system32\ole32.dll
0x00007ff927df0000 - 0x00007ff92931a000 	C:\Windows\system32\SHELL32.dll
0x00007ff925cc0000 - 0x00007ff925ce1000 	C:\Windows\SYSTEM32\USERENV.dll
0x00007ff927ba0000 - 0x00007ff927c4a000 	C:\Windows\system32\ADVAPI32.dll
0x00007ff91dea0000 - 0x00007ff91debe000 	C:\Windows\SYSTEM32\MPR.dll
0x00007ff926c50000 - 0x00007ff926d91000 	C:\Windows\system32\RPCRT4.dll
0x00007ff927800000 - 0x00007ff927859000 	C:\Windows\SYSTEM32\sechost.dll
0x00007ff9271b0000 - 0x00007ff9273c1000 	C:\Windows\SYSTEM32\combase.dll
0x00007ff927520000 - 0x00007ff927670000 	C:\Windows\system32\GDI32.dll
0x00007ff926720000 - 0x00007ff926735000 	C:\Windows\SYSTEM32\profapi.dll
0x00007ff924cf0000 - 0x00007ff924da2000 	C:\Windows\SYSTEM32\SHCORE.dll
0x00007ff9294c0000 - 0x00007ff9294f6000 	C:\Windows\system32\IMM32.DLL
0x00007ff927a30000 - 0x00007ff927b82000 	C:\Windows\system32\MSCTF.dll
0x00007ff9244b0000 - 0x00007ff92472b000 	C:\Windows\WinSxS\amd64_microsoft.windows.common-controls_6595b64144ccf1df_6.0.9600.18006_none_623f33d3ecbe86e8\COMCTL32.dll
0x0000000056b20000 - 0x0000000056bf2000 	C:\Program Files\Java\jdk1.8.0_31\jre\bin\msvcr100.dll
0x0000000057010000 - 0x000000005786a000 	C:\Program Files\Java\jdk1.8.0_31\jre\bin\server\jvm.dll
0x00007ff921670000 - 0x00007ff921679000 	C:\Windows\SYSTEM32\WSOCK32.dll
0x00007ff922c60000 - 0x00007ff922c82000 	C:\Windows\SYSTEM32\WINMM.dll
0x00007ff926da0000 - 0x00007ff926da7000 	C:\Windows\system32\PSAPI.DLL
0x00007ff927740000 - 0x00007ff92779a000 	C:\Windows\system32\WS2_32.dll
0x00007ff922350000 - 0x00007ff92237a000 	C:\Windows\SYSTEM32\WINMMBASE.dll
0x00007ff9273d0000 - 0x00007ff9273d9000 	C:\Windows\system32\NSI.dll
0x00007ff926c00000 - 0x00007ff926c4f000 	C:\Windows\SYSTEM32\cfgmgr32.dll
0x00007ff925510000 - 0x00007ff925538000 	C:\Windows\SYSTEM32\DEVOBJ.dll
0x0000000057d90000 - 0x0000000057d9f000 	C:\Program Files\Java\jdk1.8.0_31\jre\bin\verify.dll
0x0000000056f00000 - 0x0000000056f28000 	C:\Program Files\Java\jdk1.8.0_31\jre\bin\java.dll
0x0000000057d70000 - 0x0000000057d86000 	C:\Program Files\Java\jdk1.8.0_31\jre\bin\zip.dll
0x00007ff91b180000 - 0x00007ff91b309000 	C:\Windows\SYSTEM32\dbghelp.dll

VM Arguments:
jvm_args: -Djava.awt.headless=true -Xmx1024M -Dfile.encoding=windows-1252 -Duser.country=US -Duser.language=en -Duser.variant 
java_command: com.android.dx.command.Main --dex --num-threads=4 --output C:\Users\Manar\Documents\MovieAya\app\build\intermediates\pre-dexed\debug\internal_impl-23.1.1_99a26b81c463bc5eeacb617467707350fc853a05.jar C:\Users\Manar\Documents\MovieAya\app\build\intermediates\exploded-aar\com.android.support\support-v4\23.1.1\jars\libs\internal_impl-23.1.1.jar
java_class_path (initial): E:\android studi\android-sdk-windows\build-tools\23.0.2\lib\dx.jar
Launcher Type: SUN_STANDARD

Environment Variables:
PATH=C:\ProgramData\Oracle\Java\javapath;C:\Windows\system32;C:\Windows;C:\Windows\System32\Wbem;C:\Windows\System32\WindowsPowerShell\v1.0\;C:\Program Files (x86)\Skype\Phone\;C:\Program Files (x86)\MATLAB\R2009b\runtime\win32;C:\Program Files (x86)\MATLAB\R2009b\bin;C:\Program Files (x86)\Microsoft SQL Server\100\Tools\Binn\;C:\Program Files\Microsoft SQL Server\100\Tools\Binn\;C:\Program Files\Microsoft SQL Server\100\DTS\Binn\
USERNAME=Manar
OS=Windows_NT
PROCESSOR_IDENTIFIER=Intel64 Family 6 Model 58 Stepping 9, GenuineIntel



---------------  S Y S T E M  ---------------

OS: Windows 8.1 , 64 bit Build 9600 

CPU:total 4 (2 cores per cpu, 2 threads per core) family 6 model 58 stepping 9, cmov, cx8, fxsr, mmx, sse, sse2, sse3, ssse3, sse4.1, sse4.2, popcnt, avx, clmul, erms, ht, tsc, tscinvbit, tscinv

Memory: 4k page, physical 4074800k(484260k free), swap 5684260k(4608k free)

vm_info: Java HotSpot(TM) 64-Bit Server VM (25.31-b07) for windows-amd64 JRE (1.8.0_31-b13), built on Dec 17 2014 21:00:28 by "java_re" with MS VC++ 10.0 (VS2010)

time: Tue Apr 26 17:52:24 2016
elapsed time: 10 seconds (0d 0h 0m 10s)

